0 info it worked if it ends with ok
1 verbose cli [ '/usr/bin/nodejs', '/usr/bin/npm', 'start' ]
2 info using npm@3.7.3
3 info using node@v5.9.0
4 verbose run-script [ 'prestart', 'start', 'poststart' ]
5 info lifecycle node-api@~prestart: node-api@
6 silly lifecycle node-api@~prestart: no script for prestart, continuing
7 info lifecycle node-api@~start: node-api@
8 verbose lifecycle node-api@~start: unsafe-perm in lifecycle true
9 verbose lifecycle node-api@~start: PATH: /usr/lib/node_modules/npm/bin/node-gyp-bin:/home/whiteagle/Documents/Sportrakker/server/node_modules/.bin:/usr/bin:/usr/local/sbin:/usr/local/bin:/usr/sbin:/usr/bin:/sbin:/bin:/usr/games:/usr/local/games
10 verbose lifecycle node-api@~start: CWD: /home/whiteagle/Documents/Sportrakker/server
11 silly lifecycle node-api@~start: Args: [ '-c', 'node server.js' ]
12 silly lifecycle node-api@~start: Returned: code: 1  signal: null
13 info lifecycle node-api@~start: Failed to exec start script
14 verbose stack Error: node-api@ start: `node server.js`
14 verbose stack Exit status 1
14 verbose stack     at EventEmitter.<anonymous> (/usr/lib/node_modules/npm/lib/utils/lifecycle.js:239:16)
14 verbose stack     at emitTwo (events.js:100:13)
14 verbose stack     at EventEmitter.emit (events.js:185:7)
14 verbose stack     at ChildProcess.<anonymous> (/usr/lib/node_modules/npm/lib/utils/spawn.js:24:14)
14 verbose stack     at emitTwo (events.js:100:13)
14 verbose stack     at ChildProcess.emit (events.js:185:7)
14 verbose stack     at maybeClose (internal/child_process.js:850:16)
14 verbose stack     at Process.ChildProcess._handle.onexit (internal/child_process.js:215:5)
15 verbose pkgid node-api@
16 verbose cwd /home/whiteagle/Documents/Sportrakker/server
17 error Linux 3.16.0-38-generic
18 error argv "/usr/bin/nodejs" "/usr/bin/npm" "start"
19 error node v5.9.0
20 error npm  v3.7.3
21 error code ELIFECYCLE
22 error node-api@ start: `node server.js`
22 error Exit status 1
23 error Failed at the node-api@ start script 'node server.js'.
23 error Make sure you have the latest version of node.js and npm installed.
23 error If you do, this is most likely a problem with the node-api package,
23 error not with npm itself.
23 error Tell the author that this fails on your system:
23 error     node server.js
23 error You can get information on how to open an issue for this project with:
23 error     npm bugs node-api
23 error Or if that isn't available, you can get their info via:
23 error     npm owner ls node-api
23 error There is likely additional logging output above.
24 verbose exit [ 1, true ]
